#
# There is insufficient memory for the Java Runtime Environment to continue.
# Native memory allocation (malloc) failed to allocate 1048576 bytes for AllocateHeap
# Possible reasons:
#   The system is out of physical RAM or swap space
#   In 32 bit mode, the process size limit was hit
# Possible solutions:
#   Reduce memory load on the system
#   Increase physical memory or swap space
#   Check if swap backing store is full
#   Use 64 bit Java on a 64 bit OS
#   Decrease Java heap size (-Xmx/-Xms)
#   Decrease number of Java threads
#   Decrease Java thread stack sizes (-Xss)
#   Set larger code cache with -XX:ReservedCodeCacheSize=
# This output file may be truncated or incomplete.
#
#  Out of Memory Error (memory/allocation.inline.hpp:61), pid=1104, tid=0x0000000000000418
#
# JRE version:  (8.0_102-b14) (build )
# Java VM: Java HotSpot(TM) 64-Bit Server VM (25.102-b14 mixed mode windows-amd64 compressed oops)
# Failed to write core dump. Minidumps are not enabled by default on client versions of Windows
#

---------------  T H R E A D  ---------------

Current thread (0x0000000002311000):  JavaThread "Unknown thread" [_thread_in_vm, id=1048, stack(0x0000000002210000,0x0000000002310000)]

Stack: [0x0000000002210000,0x0000000002310000]
[error occurred during error reporting (printing stack bounds), id 0xc0000005]

Native frames: (J=compiled Java code, j=interpreted, Vv=VM code, C=native code)


---------------  P R O C E S S  ---------------

Java Threads: ( => current thread )

Other Threads:

=>0x0000000002311000 (exited) JavaThread "Unknown thread" [_thread_in_vm, id=1048, stack(0x0000000002210000,0x0000000002310000)]

VM state:not at safepoint (normal execution)

VM Mutex/Monitor currently owned by a thread: None

Heap:
 PSYoungGen      total 2048K, used 30K [0x00000000eb600000, 0x00000000eb880000, 0x0000000100000000)
  eden space 1536K, 2% used [0x00000000eb600000,0x00000000eb607af0,0x00000000eb780000)
  from space 512K, 0% used [0x00000000eb800000,0x00000000eb800000,0x00000000eb880000)
  to   space 512K, 0% used [0x00000000eb780000,0x00000000eb780000,0x00000000eb800000)
 ParOldGen       total 5632K, used 0K [0x00000000c2200000, 0x00000000c2780000, 0x00000000eb600000)
  object space 5632K, 0% used [0x00000000c2200000,0x00000000c2200000,0x00000000c2780000)
 Metaspace       used 770K, capacity 4480K, committed 4480K, reserved 1056768K
  class space    used 75K, capacity 384K, committed 384K, reserved 1048576K

Card table byte_map: [0x00000000117d0000,0x00000000119c0000] byte_map_base: 0x00000000111bf000

Marking Bits: (ParMarkBitMap*) 0x000000005fe2a6c0
 Begin Bits: [0x0000000011f10000, 0x0000000012e88000)
 End Bits:   [0x0000000012e88000, 0x0000000013e00000)

Polling page: 0x0000000000460000

CodeCache: size=245760Kb used=328Kb max_used=328Kb free=245431Kb
 bounds [0x0000000002410000, 0x0000000002680000, 0x0000000011410000]
 total_blobs=58 nmethods=0 adapters=38
 compilation: enabled

Compilation events (0 events):
No events

GC Heap History (0 events):
No events

Deoptimization events (0 events):
No events

Internal exceptions (0 events):
No events

Events (10 events):
Event: 0.030 loading class java/lang/Short
Event: 0.030 loading class java/lang/Short done
Event: 0.030 loading class java/lang/Integer
Event: 0.030 loading class java/lang/Integer done
Event: 0.030 loading class java/lang/Long
Event: 0.030 loading class java/lang/Long done
Event: 0.031 loading class java/lang/NullPointerException
Event: 0.031 loading class java/lang/NullPointerException done
Event: 0.031 loading class java/lang/ArithmeticException
Event: 0.031 loading class java/lang/ArithmeticException done


Dynamic libraries:
0x00007ff64f300000 - 0x00007ff64f307000 	C:\Program Files\Java\jdk1.8.0_102\bin\javac.exe
0x00007fffaa890000 - 0x00007fffaaa61000 	C:\WINDOWS\SYSTEM32\ntdll.dll
0x00007fffa8b30000 - 0x00007fffa8bdb000 	C:\WINDOWS\System32\KERNEL32.DLL
0x00007fffa7200000 - 0x00007fffa741d000 	C:\WINDOWS\System32\KERNELBASE.dll
0x0000000060340000 - 0x000000006036f000 	C:\Program Files\Java\jdk1.8.0_102\bin\jli.dll
0x0000000060260000 - 0x0000000060331000 	C:\Program Files\Java\jdk1.8.0_102\bin\MSVCR100.dll
0x00007fffaa780000 - 0x00007fffaa822000 	C:\WINDOWS\System32\ADVAPI32.dll
0x00007fffa8d00000 - 0x00007fffa8d9e000 	C:\WINDOWS\System32\msvcrt.dll
0x00007fffaa830000 - 0x00007fffaa889000 	C:\WINDOWS\System32\sechost.dll
0x00007fffa8100000 - 0x00007fffa8221000 	C:\WINDOWS\System32\RPCRT4.dll
0x00007fffa89c0000 - 0x00007fffa8b25000 	C:\WINDOWS\System32\USER32.dll
0x00007fffa75d0000 - 0x00007fffa75ee000 	C:\WINDOWS\System32\win32u.dll
0x00007fff94590000 - 0x00007fff94809000 	C:\WINDOWS\WinSxS\amd64_microsoft.windows.common-controls_6595b64144ccf1df_6.0.14393.0_none_2d0f50fcbdb171b8\COMCTL32.dll
0x00007fffa8da0000 - 0x00007fffa8dd4000 	C:\WINDOWS\System32\GDI32.dll
0x00007fffa8300000 - 0x00007fffa85c7000 	C:\WINDOWS\System32\combase.dll
0x00007fffa6d80000 - 0x00007fffa6f02000 	C:\WINDOWS\System32\gdi32full.dll
0x00007fffa74d0000 - 0x00007fffa75c5000 	C:\WINDOWS\System32\ucrtbase.dll
0x00007fffa7190000 - 0x00007fffa71fa000 	C:\WINDOWS\System32\bcryptPrimitives.dll
0x00007fffa8290000 - 0x00007fffa82be000 	C:\WINDOWS\System32\IMM32.DLL
0x000000005f530000 - 0x000000005f601000 	C:\Program Files\Java\jdk1.8.0_102\jre\bin\msvcr100.dll
0x000000005f610000 - 0x000000005feaa000 	C:\Program Files\Java\jdk1.8.0_102\jre\bin\server\jvm.dll
0x00007fffa82d0000 - 0x00007fffa82d8000 	C:\WINDOWS\System32\PSAPI.DLL
0x00007fff98500000 - 0x00007fff98509000 	C:\WINDOWS\SYSTEM32\WSOCK32.dll
0x00007fffa51f0000 - 0x00007fffa5213000 	C:\WINDOWS\SYSTEM32\WINMM.dll
0x00007fff9bec0000 - 0x00007fff9beca000 	C:\WINDOWS\SYSTEM32\VERSION.dll
0x00007fffa8770000 - 0x00007fffa87da000 	C:\WINDOWS\System32\WS2_32.dll
0x00007fffa51c0000 - 0x00007fffa51eb000 	C:\WINDOWS\SYSTEM32\WINMMBASE.dll
0x00007fffa6f10000 - 0x00007fffa6f52000 	C:\WINDOWS\System32\cfgmgr32.dll
0x000000005f4e0000 - 0x000000005f4ef000 	C:\Program Files\Java\jdk1.8.0_102\jre\bin\verify.dll
0x000000005f4b0000 - 0x000000005f4d9000 	C:\Program Files\Java\jdk1.8.0_102\jre\bin\java.dll
0x000000005f490000 - 0x000000005f4a6000 	C:\Program Files\Java\jdk1.8.0_102\jre\bin\zip.dll

VM Arguments:
jvm_args: -Dapplication.home=C:\Program Files\Java\jdk1.8.0_102 -Xms8m 
java_command: com.sun.tools.javac.Main -version
java_class_path (initial): C:\Program Files\Java\jdk1.8.0_102/lib/tools.jar;C:\Program Files\Java\jdk1.8.0_102/classes
Launcher Type: SUN_STANDARD

Environment Variables:
JAVA_HOME=C:\Program Files\Java\jdk1.8.0_102
PATH=C:\Program Files (x86)\iis express\PHP\v5.4;C:\ProgramData\Oracle\Java\javapath;C:\Windows\system32;C:\Windows;C:\Windows\System32\Wbem;C:\Windows\System32\WindowsPowerShell\v1.0\;C:\Program Files\Microsoft\Web Platform Installer\;C:\Program Files\nodejs\;C:\Users\SANMEDIA\AppData\Roaming\npm;E:\android-sdk-windows\tools;E:\android-sdk-windows\platform-tools;E:\android-sdk-windows\platforms;E:\ant\bin;C:\Program Files\Java\jdk1.8.0_102\bin;C:\Program Files\Git\cmd;C:\Program Files (x86)\Microsoft SQL Server\110\Tools\Binn\;C:\Program Files (x86)\Microsoft SQL Server\110\DTS\Binn\;C:\Program Files (x86)\Microsoft SQL Server\110\Tools\Binn\ManagementStudio\;C:\Users\SANMEDIA\AppData\Local\Microsoft\WindowsApps
USERNAME=SANMEDIA
OS=Windows_NT
PROCESSOR_IDENTIFIER=Intel64 Family 6 Model 78 Stepping 3, GenuineIntel



---------------  S Y S T E M  ---------------

OS: Windows 10.0 , 64 bit Build 14393 (10.0.14393.0)

CPU:total 4 (2 cores per cpu, 2 threads per core) family 6 model 78 stepping 3, cmov, cx8, fxsr, mmx, sse, sse2, sse3, ssse3, sse4.1, sse4.2, popcnt, avx, avx2, aes, clmul, erms, 3dnowpref, lzcnt, ht, tsc, tscinvbit, bmi1, bmi2, adx

Memory: 4k page, physical 4049672k(724020k free), swap 16632584k(4676k free)

vm_info: Java HotSpot(TM) 64-Bit Server VM (25.102-b14) for windows-amd64 JRE (1.8.0_102-b14), built on Jun 22 2016 13:15:21 by "java_re" with MS VC++ 10.0 (VS2010)

time: Wed Aug 30 18:05:18 2017
elapsed time: 0 seconds (0d 0h 0m 0s)

